<?xml version="1.0" encoding="UTF-8"?>
<!-- Generated by org.testng.reporters.JUnitXMLReporter -->
<testsuite ignored="0" hostname="Priyanka" failures="0" tests="0" time="0.02" errors="0" timestamp="2023-06-04T01:40:14 IST">
</testsuite>
