<?xml version="1.0" encoding="UTF-8"?>
<!-- Generated by org.testng.reporters.JUnitReportReporter -->
<testsuite hostname="Priyanka" failures="0" tests="2" name="com.githubpractice.Mock3" time="11.589" errors="0" timestamp="2023-06-04T01:36:57 IST" skipped="0">
  <testcase classname="com.githubpractice.Mock3" name="testing" time="6.358"/>
  <system-out/>
  <testcase classname="com.githubpractice.Mock3" name="testing" time="5.231"/>
  <system-out/>
</testsuite> <!-- com.githubpractice.Mock3 -->
