<?xml version="1.0" encoding="UTF-8"?>
<!-- Generated by org.testng.reporters.JUnitReportReporter -->
<testsuite hostname="Priyanka" failures="0" tests="2" name="com.githubpractice.Mock1" time="26.399" errors="0" timestamp="2023-06-04T01:36:57 IST" skipped="0">
  <testcase classname="com.githubpractice.Mock1" name="olympic" time="13.182"/>
  <system-out/>
  <testcase classname="com.githubpractice.Mock1" name="olympic" time="13.217"/>
  <system-out/>
</testsuite> <!-- com.githubpractice.Mock1 -->
